# JRE version: OpenJDK Runtime Environment (11.0.12+7) (build 11.0.12+7-b1504.28-7817840)
# Java VM: OpenJDK 64-Bit Server VM (11.0.12+7-b1504.28-7817840, mixed mode, tiered, compressed oops, g1 gc, windows-amd64)
Heap:
 garbage-first heap   total 157696K, used 119432K [0x0000000080000000, 0x0000000100000000)
  region size 1024K, 26 young (26624K), 4 survivors (4096K)
 Metaspace       used 104760K, capacity 107070K, committed 107340K, reserved 1142784K
  class space    used 13248K, capacity 14126K, committed 14208K, reserved 1048576K
GC Heap History (20 events):
Event: 44.894 GC heap before
{Heap before GC invocations=30 (full 0):
 garbage-first heap   total 157696K, used 103537K [0x0000000080000000, 0x0000000100000000)
  region size 1024K, 7 young (7168K), 3 survivors (3072K)
 Metaspace       used 94169K, capacity 96199K, committed 96460K, reserved 1132544K
  class space    used 11953K, capacity 12734K, committed 12800K, reserved 1048576K
}
Event: 44.903 GC heap after
{Heap after GC invocations=31 (full 0):
 garbage-first heap   total 157696K, used 90417K [0x0000000080000000, 0x0000000100000000)
  region size 1024K, 1 young (1024K), 1 survivors (1024K)
 Metaspace       used 94169K, capacity 96199K, committed 96460K, reserved 1132544K
  class space    used 11953K, capacity 12734K, committed 12800K, reserved 1048576K
}
Event: 45.524 GC heap before
{Heap before GC invocations=31 (full 0):
 garbage-first heap   total 157696K, used 121137K [0x0000000080000000, 0x0000000100000000)
  region size 1024K, 32 young (32768K), 1 survivors (1024K)
 Metaspace       used 94634K, capacity 96696K, committed 96972K, reserved 1134592K
  class space    used 11978K, capacity 12766K, committed 12800K, reserved 1048576K
}
Event: 45.534 GC heap after
{Heap after GC invocations=32 (full 0):
 garbage-first heap   total 157696K, used 94859K [0x0000000080000000, 0x0000000100000000)
  region size 1024K, 4 young (4096K), 4 survivors (4096K)
 Metaspace       used 94634K, capacity 96696K, committed 96972K, reserved 1134592K
  class space    used 11978K, capacity 12766K, committed 12800K, reserved 1048576K
}
Event: 46.320 GC heap before
{Heap before GC invocations=33 (full 0):
 garbage-first heap   total 157696K, used 123531K [0x0000000080000000, 0x0000000100000000)
  region size 1024K, 33 young (33792K), 4 survivors (4096K)
 Metaspace       used 95315K, capacity 97486K, committed 97612K, reserved 1134592K
  class space    used 12062K, capacity 12872K, committed 12928K, reserved 1048576K
}
Event: 46.332 GC heap after
{Heap after GC invocations=34 (full 0):
 garbage-first heap   total 157696K, used 96737K [0x0000000080000000, 0x0000000100000000)
  region size 1024K, 5 young (5120K), 5 survivors (5120K)
 Metaspace       used 95315K, capacity 97486K, committed 97612K, reserved 1134592K
  class space    used 12062K, capacity 12872K, committed 12928K, reserved 1048576K
}
Event: 46.367 GC heap before
{Heap before GC invocations=34 (full 0):
 garbage-first heap   total 157696K, used 97761K [0x0000000080000000, 0x0000000100000000)
  region size 1024K, 7 young (7168K), 5 survivors (5120K)
 Metaspace       used 95316K, capacity 97486K, committed 97612K, reserved 1134592K
  class space    used 12062K, capacity 12872K, committed 12928K, reserved 1048576K
}
Event: 46.375 GC heap after
{Heap after GC invocations=35 (full 0):
 garbage-first heap   total 157696K, used 92898K [0x0000000080000000, 0x0000000100000000)
  region size 1024K, 1 young (1024K), 1 survivors (1024K)
 Metaspace       used 95316K, capacity 97486K, committed 97612K, reserved 1134592K
  class space    used 12062K, capacity 12872K, committed 12928K, reserved 1048576K
}
Event: 46.780 GC heap before
{Heap before GC invocations=35 (full 0):
 garbage-first heap   total 157696K, used 123618K [0x0000000080000000, 0x0000000100000000)
  region size 1024K, 32 young (32768K), 1 survivors (1024K)
 Metaspace       used 95993K, capacity 98132K, committed 98252K, reserved 1134592K
  class space    used 12136K, capacity 12947K, committed 13056K, reserved 1048576K
}
Event: 46.786 GC heap after
{Heap after GC invocations=36 (full 0):
 garbage-first heap   total 157696K, used 93873K [0x0000000080000000, 0x0000000100000000)
  region size 1024K, 2 young (2048K), 2 survivors (2048K)
 Metaspace       used 95993K, capacity 98132K, committed 98252K, reserved 1134592K
  class space    used 12136K, capacity 12947K, committed 13056K, reserved 1048576K
}
Event: 47.603 GC heap before
{Heap before GC invocations=37 (full 0):
 garbage-first heap   total 157696K, used 123569K [0x0000000080000000, 0x0000000100000000)
  region size 1024K, 33 young (33792K), 2 survivors (2048K)
 Metaspace       used 97478K, capacity 99586K, committed 99660K, reserved 1136640K
  class space    used 12345K, capacity 13175K, committed 13184K, reserved 1048576K
}
Event: 47.609 GC heap after
{Heap after GC invocations=38 (full 0):
 garbage-first heap   total 157696K, used 93761K [0x0000000080000000, 0x0000000100000000)
  region size 1024K, 3 young (3072K), 3 survivors (3072K)
 Metaspace       used 97478K, capacity 99586K, committed 99660K, reserved 1136640K
  class space    used 12345K, capacity 13175K, committed 13184K, reserved 1048576K
}
Event: 47.680 GC heap before
{Heap before GC invocations=38 (full 0):
 garbage-first heap   total 157696K, used 96833K [0x0000000080000000, 0x0000000100000000)
  region size 1024K, 7 young (7168K), 3 survivors (3072K)
 Metaspace       used 97848K, capacity 99938K, committed 100044K, reserved 1136640K
  class space    used 12389K, capacity 13207K, committed 13312K, reserved 1048576K
}
Event: 47.687 GC heap after
{Heap after GC invocations=39 (full 0):
 garbage-first heap   total 157696K, used 90888K [0x0000000080000000, 0x0000000100000000)
  region size 1024K, 1 young (1024K), 1 survivors (1024K)
 Metaspace       used 97848K, capacity 99938K, committed 100044K, reserved 1136640K
  class space    used 12389K, capacity 13207K, committed 13312K, reserved 1048576K
}
Event: 52.465 GC heap before
{Heap before GC invocations=39 (full 0):
 garbage-first heap   total 157696K, used 124680K [0x0000000080000000, 0x0000000100000000)
  region size 1024K, 34 young (34816K), 1 survivors (1024K)
 Metaspace       used 99679K, capacity 101845K, committed 101964K, reserved 1138688K
  class space    used 12596K, capacity 13417K, committed 13440K, reserved 1048576K
}
Event: 52.475 GC heap after
{Heap after GC invocations=40 (full 0):
 garbage-first heap   total 157696K, used 96121K [0x0000000080000000, 0x0000000100000000)
  region size 1024K, 5 young (5120K), 5 survivors (5120K)
 Metaspace       used 99679K, capacity 101845K, committed 101964K, reserved 1138688K
  class space    used 12596K, capacity 13417K, committed 13440K, reserved 1048576K
}
Event: 53.187 GC heap before
{Heap before GC invocations=41 (full 0):
 garbage-first heap   total 157696K, used 126841K [0x0000000080000000, 0x0000000100000000)
  region size 1024K, 36 young (36864K), 5 survivors (5120K)
 Metaspace       used 100508K, capacity 102718K, committed 102860K, reserved 1138688K
  class space    used 12693K, capacity 13516K, committed 13568K, reserved 1048576K
}
Event: 53.195 GC heap after
{Heap after GC invocations=42 (full 0):
 garbage-first heap   total 157696K, used 95666K [0x0000000080000000, 0x0000000100000000)
  region size 1024K, 2 young (2048K), 2 survivors (2048K)
 Metaspace       used 100508K, capacity 102718K, committed 102860K, reserved 1138688K
  class space    used 12693K, capacity 13516K, committed 13568K, reserved 1048576K
}
Event: 53.872 GC heap before
{Heap before GC invocations=42 (full 0):
 garbage-first heap   total 157696K, used 128434K [0x0000000080000000, 0x0000000100000000)
  region size 1024K, 34 young (34816K), 2 survivors (2048K)
 Metaspace       used 102513K, capacity 104668K, committed 104908K, reserved 1140736K
  class space    used 12920K, capacity 13716K, committed 13824K, reserved 1048576K
}
Event: 53.879 GC heap after
{Heap after GC invocations=43 (full 0):
 garbage-first heap   total 157696K, used 97928K [0x0000000080000000, 0x0000000100000000)
  region size 1024K, 4 young (4096K), 4 survivors (4096K)
 Metaspace       used 102513K, capacity 104668K, committed 104908K, reserved 1140736K
  class space    used 12920K, capacity 13716K, committed 13824K, reserved 1048576K
}

